mode: set
github.com/gourdian25/gourdiansession/gourdiansession.go:70.24,88.2 2 1
github.com/gourdian25/gourdiansession/gourdiansession.go:142.89,146.2 1 1
github.com/gourdian25/gourdiansession/gourdiansession.go:148.80,150.2 1 1
github.com/gourdian25/gourdiansession/gourdiansession.go:152.82,154.2 1 1
github.com/gourdian25/gourdiansession/gourdiansession.go:156.84,158.2 1 1
github.com/gourdian25/gourdiansession/gourdiansession.go:160.72,162.2 1 1
github.com/gourdian25/gourdiansession/gourdiansession.go:164.136,165.20 1 1
github.com/gourdian25/gourdiansession/gourdiansession.go:165.20,167.3 1 1
github.com/gourdian25/gourdiansession/gourdiansession.go:170.2,170.54 1 1
github.com/gourdian25/gourdiansession/gourdiansession.go:170.54,173.17 2 1
github.com/gourdian25/gourdiansession/gourdiansession.go:173.17,175.4 1 0
github.com/gourdian25/gourdiansession/gourdiansession.go:176.3,176.17 1 1
github.com/gourdian25/gourdiansession/gourdiansession.go:176.17,178.4 1 1
github.com/gourdian25/gourdiansession/gourdiansession.go:181.3,182.17 2 1
github.com/gourdian25/gourdiansession/gourdiansession.go:182.17,184.4 1 0
github.com/gourdian25/gourdiansession/gourdiansession.go:187.3,187.65 1 1
github.com/gourdian25/gourdiansession/gourdiansession.go:187.65,192.4 4 1
github.com/gourdian25/gourdiansession/gourdiansession.go:193.3,193.13 1 1
github.com/gourdian25/gourdiansession/gourdiansession.go:196.2,196.39 1 1
github.com/gourdian25/gourdiansession/gourdiansession.go:196.39,198.3 1 0
github.com/gourdian25/gourdiansession/gourdiansession.go:199.2,199.16 1 1
github.com/gourdian25/gourdiansession/gourdiansession.go:199.16,201.3 1 1
github.com/gourdian25/gourdiansession/gourdiansession.go:203.2,203.21 1 1
github.com/gourdian25/gourdiansession/gourdiansession.go:206.107,207.54 1 1
github.com/gourdian25/gourdiansession/gourdiansession.go:207.54,210.32 2 1
github.com/gourdian25/gourdiansession/gourdiansession.go:210.32,212.4 1 1
github.com/gourdian25/gourdiansession/gourdiansession.go:213.3,213.17 1 1
github.com/gourdian25/gourdiansession/gourdiansession.go:213.17,215.4 1 0
github.com/gourdian25/gourdiansession/gourdiansession.go:217.3,218.71 2 1
github.com/gourdian25/gourdiansession/gourdiansession.go:218.71,220.4 1 0
github.com/gourdian25/gourdiansession/gourdiansession.go:223.3,223.44 1 1
github.com/gourdian25/gourdiansession/gourdiansession.go:223.44,225.4 1 1
github.com/gourdian25/gourdiansession/gourdiansession.go:228.3,232.17 4 1
github.com/gourdian25/gourdiansession/gourdiansession.go:232.17,234.4 1 0
github.com/gourdian25/gourdiansession/gourdiansession.go:237.3,237.65 1 1
github.com/gourdian25/gourdiansession/gourdiansession.go:237.65,240.4 2 1
github.com/gourdian25/gourdiansession/gourdiansession.go:241.3,241.13 1 1
github.com/gourdian25/gourdiansession/gourdiansession.go:244.2,244.39 1 1
github.com/gourdian25/gourdiansession/gourdiansession.go:244.39,246.3 1 1
github.com/gourdian25/gourdiansession/gourdiansession.go:247.2,247.12 1 1
github.com/gourdian25/gourdiansession/gourdiansession.go:250.128,252.16 2 1
github.com/gourdian25/gourdiansession/gourdiansession.go:252.16,253.32 1 1
github.com/gourdian25/gourdiansession/gourdiansession.go:253.32,255.4 1 1
github.com/gourdian25/gourdiansession/gourdiansession.go:256.3,256.70 1 0
github.com/gourdian25/gourdiansession/gourdiansession.go:259.2,261.16 3 1
github.com/gourdian25/gourdiansession/gourdiansession.go:261.16,263.3 1 0
github.com/gourdian25/gourdiansession/gourdiansession.go:266.2,266.42 1 1
github.com/gourdian25/gourdiansession/gourdiansession.go:266.42,268.3 1 1
github.com/gourdian25/gourdiansession/gourdiansession.go:270.2,270.22 1 1
github.com/gourdian25/gourdiansession/gourdiansession.go:273.136,274.20 1 1
github.com/gourdian25/gourdiansession/gourdiansession.go:274.20,276.3 1 0
github.com/gourdian25/gourdiansession/gourdiansession.go:279.2,279.54 1 1
github.com/gourdian25/gourdiansession/gourdiansession.go:279.54,282.32 2 1
github.com/gourdian25/gourdiansession/gourdiansession.go:282.32,284.4 1 1
github.com/gourdian25/gourdiansession/gourdiansession.go:285.3,285.17 1 1
github.com/gourdian25/gourdiansession/gourdiansession.go:285.17,287.4 1 0
github.com/gourdian25/gourdiansession/gourdiansession.go:289.3,290.17 2 1
github.com/gourdian25/gourdiansession/gourdiansession.go:290.17,292.4 1 0
github.com/gourdian25/gourdiansession/gourdiansession.go:294.3,295.14 2 1
github.com/gourdian25/gourdiansession/gourdiansession.go:295.14,297.4 1 1
github.com/gourdian25/gourdiansession/gourdiansession.go:300.3,300.65 1 1
github.com/gourdian25/gourdiansession/gourdiansession.go:300.65,305.78 3 1
github.com/gourdian25/gourdiansession/gourdiansession.go:305.78,306.44 1 1
github.com/gourdian25/gourdiansession/gourdiansession.go:306.44,310.6 3 0
github.com/gourdian25/gourdiansession/gourdiansession.go:312.4,312.14 1 1
github.com/gourdian25/gourdiansession/gourdiansession.go:314.3,314.13 1 1
github.com/gourdian25/gourdiansession/gourdiansession.go:317.2,317.39 1 1
github.com/gourdian25/gourdiansession/gourdiansession.go:317.39,319.3 1 0
github.com/gourdian25/gourdiansession/gourdiansession.go:320.2,320.16 1 1
github.com/gourdian25/gourdiansession/gourdiansession.go:320.16,322.3 1 1
github.com/gourdian25/gourdiansession/gourdiansession.go:324.2,324.21 1 1
github.com/gourdian25/gourdiansession/gourdiansession.go:327.103,329.54 1 1
github.com/gourdian25/gourdiansession/gourdiansession.go:329.54,332.32 2 1
github.com/gourdian25/gourdiansession/gourdiansession.go:332.32,334.4 1 1
github.com/gourdian25/gourdiansession/gourdiansession.go:335.3,335.17 1 1
github.com/gourdian25/gourdiansession/gourdiansession.go:335.17,337.4 1 0
github.com/gourdian25/gourdiansession/gourdiansession.go:339.3,340.71 2 1
github.com/gourdian25/gourdiansession/gourdiansession.go:340.71,342.4 1 0
github.com/gourdian25/gourdiansession/gourdiansession.go:345.3,345.65 1 1
github.com/gourdian25/gourdiansession/gourdiansession.go:345.65,350.4 4 1
github.com/gourdian25/gourdiansession/gourdiansession.go:351.3,351.13 1 1
github.com/gourdian25/gourdiansession/gourdiansession.go:354.2,354.39 1 1
github.com/gourdian25/gourdiansession/gourdiansession.go:354.39,356.3 1 0
github.com/gourdian25/gourdiansession/gourdiansession.go:357.2,357.12 1 1
github.com/gourdian25/gourdiansession/gourdiansession.go:360.132,362.16 2 1
github.com/gourdian25/gourdiansession/gourdiansession.go:362.16,364.3 1 0
github.com/gourdian25/gourdiansession/gourdiansession.go:366.2,369.42 3 1
github.com/gourdian25/gourdiansession/gourdiansession.go:369.42,371.17 2 1
github.com/gourdian25/gourdiansession/gourdiansession.go:371.17,373.12 2 1
github.com/gourdian25/gourdiansession/gourdiansession.go:376.3,377.17 2 1
github.com/gourdian25/gourdiansession/gourdiansession.go:377.17,378.33 1 1
github.com/gourdian25/gourdiansession/gourdiansession.go:378.33,380.13 2 1
github.com/gourdian25/gourdiansession/gourdiansession.go:382.4,382.74 1 0
github.com/gourdian25/gourdiansession/gourdiansession.go:385.3,387.17 3 1
github.com/gourdian25/gourdiansession/gourdiansession.go:387.17,389.4 1 0
github.com/gourdian25/gourdiansession/gourdiansession.go:391.3,391.40 1 1
github.com/gourdian25/gourdiansession/gourdiansession.go:395.2,395.33 1 1
github.com/gourdian25/gourdiansession/gourdiansession.go:395.33,397.17 2 1
github.com/gourdian25/gourdiansession/gourdiansession.go:397.17,399.4 1 0
github.com/gourdian25/gourdiansession/gourdiansession.go:402.2,402.22 1 1
github.com/gourdian25/gourdiansession/gourdiansession.go:405.138,407.16 2 1
github.com/gourdian25/gourdiansession/gourdiansession.go:407.16,409.3 1 0
github.com/gourdian25/gourdiansession/gourdiansession.go:411.2,412.38 2 1
github.com/gourdian25/gourdiansession/gourdiansession.go:412.38,413.83 1 1
github.com/gourdian25/gourdiansession/gourdiansession.go:413.83,415.4 1 1
github.com/gourdian25/gourdiansession/gourdiansession.go:418.2,418.28 1 1
github.com/gourdian25/gourdiansession/gourdiansession.go:421.105,424.16 2 1
github.com/gourdian25/gourdiansession/gourdiansession.go:424.16,426.3 1 0
github.com/gourdian25/gourdiansession/gourdiansession.go:428.2,429.42 2 1
github.com/gourdian25/gourdiansession/gourdiansession.go:429.42,431.17 2 1
github.com/gourdian25/gourdiansession/gourdiansession.go:431.17,432.12 1 0
github.com/gourdian25/gourdiansession/gourdiansession.go:436.3,436.54 1 1
github.com/gourdian25/gourdiansession/gourdiansession.go:436.54,439.33 2 1
github.com/gourdian25/gourdiansession/gourdiansession.go:439.33,441.5 1 0
github.com/gourdian25/gourdiansession/gourdiansession.go:442.4,442.18 1 1
github.com/gourdian25/gourdiansession/gourdiansession.go:442.18,444.5 1 0
github.com/gourdian25/gourdiansession/gourdiansession.go:446.4,447.72 2 1
github.com/gourdian25/gourdiansession/gourdiansession.go:447.72,449.5 1 0
github.com/gourdian25/gourdiansession/gourdiansession.go:452.4,452.45 1 1
github.com/gourdian25/gourdiansession/gourdiansession.go:452.45,454.5 1 1
github.com/gourdian25/gourdiansession/gourdiansession.go:457.4,461.18 4 1
github.com/gourdian25/gourdiansession/gourdiansession.go:461.18,463.5 1 0
github.com/gourdian25/gourdiansession/gourdiansession.go:466.4,466.66 1 1
github.com/gourdian25/gourdiansession/gourdiansession.go:466.66,469.5 2 1
github.com/gourdian25/gourdiansession/gourdiansession.go:470.4,470.14 1 1
github.com/gourdian25/gourdiansession/gourdiansession.go:473.3,473.40 1 1
github.com/gourdian25/gourdiansession/gourdiansession.go:473.40,475.12 2 0
github.com/gourdian25/gourdiansession/gourdiansession.go:477.3,477.17 1 1
github.com/gourdian25/gourdiansession/gourdiansession.go:477.17,479.4 1 0
github.com/gourdian25/gourdiansession/gourdiansession.go:482.2,482.12 1 1
github.com/gourdian25/gourdiansession/gourdiansession.go:485.124,487.16 2 1
github.com/gourdian25/gourdiansession/gourdiansession.go:487.16,489.3 1 0
github.com/gourdian25/gourdiansession/gourdiansession.go:491.2,491.35 1 1
github.com/gourdian25/gourdiansession/gourdiansession.go:491.35,492.79 1 1
github.com/gourdian25/gourdiansession/gourdiansession.go:492.79,496.18 4 1
github.com/gourdian25/gourdiansession/gourdiansession.go:496.18,498.5 1 0
github.com/gourdian25/gourdiansession/gourdiansession.go:502.2,502.12 1 1
github.com/gourdian25/gourdiansession/gourdiansession.go:505.127,507.16 2 1
github.com/gourdian25/gourdiansession/gourdiansession.go:507.16,509.3 1 1
github.com/gourdian25/gourdiansession/gourdiansession.go:511.2,511.43 1 1
github.com/gourdian25/gourdiansession/gourdiansession.go:511.43,513.3 1 1
github.com/gourdian25/gourdiansession/gourdiansession.go:515.2,517.12 3 1
github.com/gourdian25/gourdiansession/gourdiansession.go:520.111,522.16 2 1
github.com/gourdian25/gourdiansession/gourdiansession.go:522.16,524.3 1 1
github.com/gourdian25/gourdiansession/gourdiansession.go:526.2,528.12 3 1
github.com/gourdian25/gourdiansession/gourdiansession.go:531.133,533.16 2 1
github.com/gourdian25/gourdiansession/gourdiansession.go:533.16,535.3 1 1
github.com/gourdian25/gourdiansession/gourdiansession.go:537.2,537.43 1 1
github.com/gourdian25/gourdiansession/gourdiansession.go:537.43,539.3 1 1
github.com/gourdian25/gourdiansession/gourdiansession.go:541.2,541.42 1 1
github.com/gourdian25/gourdiansession/gourdiansession.go:541.42,545.23 3 0
github.com/gourdian25/gourdiansession/gourdiansession.go:545.23,549.4 2 0
github.com/gourdian25/gourdiansession/gourdiansession.go:550.3,550.71 1 0
github.com/gourdian25/gourdiansession/gourdiansession.go:553.2,553.21 1 1
github.com/gourdian25/gourdiansession/gourdiansession.go:556.166,558.16 2 1
github.com/gourdian25/gourdiansession/gourdiansession.go:558.16,560.3 1 0
github.com/gourdian25/gourdiansession/gourdiansession.go:562.2,562.65 1 1
github.com/gourdian25/gourdiansession/gourdiansession.go:562.65,564.3 1 1
github.com/gourdian25/gourdiansession/gourdiansession.go:566.2,566.65 1 1
github.com/gourdian25/gourdiansession/gourdiansession.go:566.65,568.3 1 1
github.com/gourdian25/gourdiansession/gourdiansession.go:570.2,570.21 1 1
github.com/gourdian25/gourdiansession/gourdiansession.go:573.135,575.54 1 1
github.com/gourdian25/gourdiansession/gourdiansession.go:575.54,578.32 2 1
github.com/gourdian25/gourdiansession/gourdiansession.go:578.32,580.4 1 0
github.com/gourdian25/gourdiansession/gourdiansession.go:581.3,581.17 1 1
github.com/gourdian25/gourdiansession/gourdiansession.go:581.17,583.4 1 0
github.com/gourdian25/gourdiansession/gourdiansession.go:585.3,586.71 2 1
github.com/gourdian25/gourdiansession/gourdiansession.go:586.71,588.4 1 0
github.com/gourdian25/gourdiansession/gourdiansession.go:590.3,590.44 1 1
github.com/gourdian25/gourdiansession/gourdiansession.go:590.44,592.4 1 0
github.com/gourdian25/gourdiansession/gourdiansession.go:594.3,594.43 1 1
github.com/gourdian25/gourdiansession/gourdiansession.go:594.43,596.4 1 0
github.com/gourdian25/gourdiansession/gourdiansession.go:599.3,600.17 2 1
github.com/gourdian25/gourdiansession/gourdiansession.go:600.17,602.4 1 0
github.com/gourdian25/gourdiansession/gourdiansession.go:604.3,607.65 2 1
github.com/gourdian25/gourdiansession/gourdiansession.go:607.65,612.18 3 1
github.com/gourdian25/gourdiansession/gourdiansession.go:612.18,614.5 1 0
github.com/gourdian25/gourdiansession/gourdiansession.go:615.4,615.15 1 1
github.com/gourdian25/gourdiansession/gourdiansession.go:615.15,617.5 1 0
github.com/gourdian25/gourdiansession/gourdiansession.go:618.4,618.14 1 1
github.com/gourdian25/gourdiansession/gourdiansession.go:620.3,620.13 1 1
github.com/gourdian25/gourdiansession/gourdiansession.go:623.2,623.39 1 1
github.com/gourdian25/gourdiansession/gourdiansession.go:623.39,625.3 1 0
github.com/gourdian25/gourdiansession/gourdiansession.go:626.2,626.12 1 1
github.com/gourdian25/gourdiansession/gourdiansession.go:629.131,631.16 2 1
github.com/gourdian25/gourdiansession/gourdiansession.go:631.16,633.3 1 0
github.com/gourdian25/gourdiansession/gourdiansession.go:635.2,636.16 2 1
github.com/gourdian25/gourdiansession/gourdiansession.go:636.16,637.32 1 1
github.com/gourdian25/gourdiansession/gourdiansession.go:637.32,639.4 1 1
github.com/gourdian25/gourdiansession/gourdiansession.go:640.3,640.75 1 0
github.com/gourdian25/gourdiansession/gourdiansession.go:643.2,645.16 3 1
github.com/gourdian25/gourdiansession/gourdiansession.go:645.16,647.3 1 0
github.com/gourdian25/gourdiansession/gourdiansession.go:649.2,649.19 1 1
github.com/gourdian25/gourdiansession/gourdiansession.go:652.119,654.16 2 1
github.com/gourdian25/gourdiansession/gourdiansession.go:654.16,656.3 1 0
github.com/gourdian25/gourdiansession/gourdiansession.go:658.2,659.16 2 1
github.com/gourdian25/gourdiansession/gourdiansession.go:659.16,661.3 1 0
github.com/gourdian25/gourdiansession/gourdiansession.go:663.2,663.12 1 1
github.com/gourdian25/gourdiansession/gourdiansession.go:666.135,668.16 2 1
github.com/gourdian25/gourdiansession/gourdiansession.go:668.16,670.3 1 0
github.com/gourdian25/gourdiansession/gourdiansession.go:672.2,673.16 2 1
github.com/gourdian25/gourdiansession/gourdiansession.go:673.16,675.3 1 0
github.com/gourdian25/gourdiansession/gourdiansession.go:677.2,677.12 1 1
github.com/gourdian25/gourdiansession/gourdiansession.go:680.112,682.16 2 1
github.com/gourdian25/gourdiansession/gourdiansession.go:682.16,683.32 1 1
github.com/gourdian25/gourdiansession/gourdiansession.go:683.32,685.4 1 1
github.com/gourdian25/gourdiansession/gourdiansession.go:686.3,686.77 1 0
github.com/gourdian25/gourdiansession/gourdiansession.go:689.2,691.16 3 1
github.com/gourdian25/gourdiansession/gourdiansession.go:691.16,693.3 1 0
github.com/gourdian25/gourdiansession/gourdiansession.go:695.2,695.19 1 1
github.com/gourdian25/gourdiansession/gourdiansession.go:698.100,700.16 2 1
github.com/gourdian25/gourdiansession/gourdiansession.go:700.16,702.3 1 0
github.com/gourdian25/gourdiansession/gourdiansession.go:704.2,704.12 1 1
github.com/gourdian25/gourdiansession/gourdiansession.go:769.123,774.2 1 1
github.com/gourdian25/gourdiansession/gourdiansession.go:776.178,777.24 1 1
github.com/gourdian25/gourdiansession/gourdiansession.go:777.24,779.3 1 0
github.com/gourdian25/gourdiansession/gourdiansession.go:780.2,780.20 1 1
github.com/gourdian25/gourdiansession/gourdiansession.go:780.20,782.3 1 0
github.com/gourdian25/gourdiansession/gourdiansession.go:784.2,784.58 1 1
github.com/gourdian25/gourdiansession/gourdiansession.go:784.58,786.3 1 1
github.com/gourdian25/gourdiansession/gourdiansession.go:788.2,788.82 1 1
github.com/gourdian25/gourdiansession/gourdiansession.go:788.82,790.3 1 1
github.com/gourdian25/gourdiansession/gourdiansession.go:792.2,802.16 3 1
github.com/gourdian25/gourdiansession/gourdiansession.go:802.16,804.3 1 0
github.com/gourdian25/gourdiansession/gourdiansession.go:806.2,806.28 1 1
github.com/gourdian25/gourdiansession/gourdiansession.go:809.96,810.27 1 1
github.com/gourdian25/gourdiansession/gourdiansession.go:810.27,812.3 1 0
github.com/gourdian25/gourdiansession/gourdiansession.go:814.2,814.65 1 1
github.com/gourdian25/gourdiansession/gourdiansession.go:814.65,816.3 1 1
github.com/gourdian25/gourdiansession/gourdiansession.go:818.2,818.12 1 1
github.com/gourdian25/gourdiansession/gourdiansession.go:821.117,822.27 1 1
github.com/gourdian25/gourdiansession/gourdiansession.go:822.27,824.3 1 1
github.com/gourdian25/gourdiansession/gourdiansession.go:826.2,827.16 2 1
github.com/gourdian25/gourdiansession/gourdiansession.go:827.16,829.3 1 1
github.com/gourdian25/gourdiansession/gourdiansession.go:831.2,831.21 1 1
github.com/gourdian25/gourdiansession/gourdiansession.go:834.121,836.16 2 1
github.com/gourdian25/gourdiansession/gourdiansession.go:836.16,838.3 1 0
github.com/gourdian25/gourdiansession/gourdiansession.go:840.2,847.52 4 1
github.com/gourdian25/gourdiansession/gourdiansession.go:847.52,855.17 6 1
github.com/gourdian25/gourdiansession/gourdiansession.go:855.17,857.4 1 0
github.com/gourdian25/gourdiansession/gourdiansession.go:858.3,858.22 1 1
github.com/gourdian25/gourdiansession/gourdiansession.go:861.2,861.21 1 1
github.com/gourdian25/gourdiansession/gourdiansession.go:864.144,865.27 1 1
github.com/gourdian25/gourdiansession/gourdiansession.go:865.27,867.3 1 0
github.com/gourdian25/gourdiansession/gourdiansession.go:868.2,868.19 1 1
github.com/gourdian25/gourdiansession/gourdiansession.go:868.19,870.3 1 1
github.com/gourdian25/gourdiansession/gourdiansession.go:872.2,873.16 2 1
github.com/gourdian25/gourdiansession/gourdiansession.go:873.16,875.3 1 1
github.com/gourdian25/gourdiansession/gourdiansession.go:877.2,877.74 1 1
github.com/gourdian25/gourdiansession/gourdiansession.go:877.74,879.3 1 0
github.com/gourdian25/gourdiansession/gourdiansession.go:881.2,882.16 2 1
github.com/gourdian25/gourdiansession/gourdiansession.go:882.16,884.3 1 0
github.com/gourdian25/gourdiansession/gourdiansession.go:886.2,886.28 1 1
github.com/gourdian25/gourdiansession/gourdiansession.go:889.104,890.27 1 1
github.com/gourdian25/gourdiansession/gourdiansession.go:890.27,892.3 1 0
github.com/gourdian25/gourdiansession/gourdiansession.go:894.2,894.69 1 1
github.com/gourdian25/gourdiansession/gourdiansession.go:894.69,896.3 1 1
github.com/gourdian25/gourdiansession/gourdiansession.go:898.2,898.12 1 1
github.com/gourdian25/gourdiansession/gourdiansession.go:901.121,902.24 1 1
github.com/gourdian25/gourdiansession/gourdiansession.go:902.24,904.3 1 1
github.com/gourdian25/gourdiansession/gourdiansession.go:906.2,907.16 2 1
github.com/gourdian25/gourdiansession/gourdiansession.go:907.16,909.3 1 0
github.com/gourdian25/gourdiansession/gourdiansession.go:911.2,911.22 1 1
github.com/gourdian25/gourdiansession/gourdiansession.go:914.127,915.24 1 1
github.com/gourdian25/gourdiansession/gourdiansession.go:915.24,917.3 1 0
github.com/gourdian25/gourdiansession/gourdiansession.go:919.2,920.16 2 1
github.com/gourdian25/gourdiansession/gourdiansession.go:920.16,922.3 1 0
github.com/gourdian25/gourdiansession/gourdiansession.go:924.2,924.22 1 1
github.com/gourdian25/gourdiansession/gourdiansession.go:927.101,928.24 1 1
github.com/gourdian25/gourdiansession/gourdiansession.go:928.24,930.3 1 0
github.com/gourdian25/gourdiansession/gourdiansession.go:932.2,932.63 1 1
github.com/gourdian25/gourdiansession/gourdiansession.go:932.63,934.3 1 0
github.com/gourdian25/gourdiansession/gourdiansession.go:936.2,936.12 1 1
github.com/gourdian25/gourdiansession/gourdiansession.go:939.121,940.24 1 1
github.com/gourdian25/gourdiansession/gourdiansession.go:940.24,942.3 1 0
github.com/gourdian25/gourdiansession/gourdiansession.go:943.2,943.34 1 1
github.com/gourdian25/gourdiansession/gourdiansession.go:943.34,945.3 1 0
github.com/gourdian25/gourdiansession/gourdiansession.go:947.2,947.83 1 1
github.com/gourdian25/gourdiansession/gourdiansession.go:947.83,949.3 1 0
github.com/gourdian25/gourdiansession/gourdiansession.go:951.2,951.12 1 1
github.com/gourdian25/gourdiansession/gourdiansession.go:954.122,955.27 1 1
github.com/gourdian25/gourdiansession/gourdiansession.go:955.27,957.3 1 1
github.com/gourdian25/gourdiansession/gourdiansession.go:959.2,960.16 2 1
github.com/gourdian25/gourdiansession/gourdiansession.go:960.16,962.3 1 1
github.com/gourdian25/gourdiansession/gourdiansession.go:964.2,964.38 1 1
github.com/gourdian25/gourdiansession/gourdiansession.go:964.38,966.46 2 1
github.com/gourdian25/gourdiansession/gourdiansession.go:966.46,970.4 3 1
github.com/gourdian25/gourdiansession/gourdiansession.go:973.2,973.21 1 1
github.com/gourdian25/gourdiansession/gourdiansession.go:976.162,977.27 1 1
github.com/gourdian25/gourdiansession/gourdiansession.go:977.27,979.3 1 1
github.com/gourdian25/gourdiansession/gourdiansession.go:980.2,980.21 1 1
github.com/gourdian25/gourdiansession/gourdiansession.go:980.21,982.3 1 0
github.com/gourdian25/gourdiansession/gourdiansession.go:983.2,983.21 1 1
github.com/gourdian25/gourdiansession/gourdiansession.go:983.21,985.3 1 0
github.com/gourdian25/gourdiansession/gourdiansession.go:987.2,988.16 2 1
github.com/gourdian25/gourdiansession/gourdiansession.go:988.16,990.3 1 1
github.com/gourdian25/gourdiansession/gourdiansession.go:992.2,992.38 1 1
github.com/gourdian25/gourdiansession/gourdiansession.go:992.38,994.46 2 1
github.com/gourdian25/gourdiansession/gourdiansession.go:994.46,998.4 3 0
github.com/gourdian25/gourdiansession/gourdiansession.go:1001.2,1001.21 1 1
github.com/gourdian25/gourdiansession/gourdiansession.go:1004.128,1005.27 1 1
github.com/gourdian25/gourdiansession/gourdiansession.go:1005.27,1007.3 1 0
github.com/gourdian25/gourdiansession/gourdiansession.go:1008.2,1008.15 1 1
github.com/gourdian25/gourdiansession/gourdiansession.go:1008.15,1010.3 1 1
github.com/gourdian25/gourdiansession/gourdiansession.go:1012.2,1012.61 1 1
github.com/gourdian25/gourdiansession/gourdiansession.go:1012.61,1014.3 1 1
github.com/gourdian25/gourdiansession/gourdiansession.go:1016.2,1016.74 1 1
github.com/gourdian25/gourdiansession/gourdiansession.go:1016.74,1018.3 1 0
github.com/gourdian25/gourdiansession/gourdiansession.go:1020.2,1020.12 1 1
github.com/gourdian25/gourdiansession/gourdiansession.go:1023.124,1024.27 1 1
github.com/gourdian25/gourdiansession/gourdiansession.go:1024.27,1026.3 1 0
github.com/gourdian25/gourdiansession/gourdiansession.go:1027.2,1027.15 1 1
github.com/gourdian25/gourdiansession/gourdiansession.go:1027.15,1029.3 1 0
github.com/gourdian25/gourdiansession/gourdiansession.go:1031.2,1031.61 1 1
github.com/gourdian25/gourdiansession/gourdiansession.go:1031.61,1033.3 1 1
github.com/gourdian25/gourdiansession/gourdiansession.go:1035.2,1036.16 2 1
github.com/gourdian25/gourdiansession/gourdiansession.go:1036.16,1038.3 1 1
github.com/gourdian25/gourdiansession/gourdiansession.go:1040.2,1040.19 1 1
github.com/gourdian25/gourdiansession/gourdiansession.go:1043.112,1044.27 1 1
github.com/gourdian25/gourdiansession/gourdiansession.go:1044.27,1046.3 1 0
github.com/gourdian25/gourdiansession/gourdiansession.go:1047.2,1047.15 1 1
github.com/gourdian25/gourdiansession/gourdiansession.go:1047.15,1049.3 1 0
github.com/gourdian25/gourdiansession/gourdiansession.go:1051.2,1051.61 1 1
github.com/gourdian25/gourdiansession/gourdiansession.go:1051.61,1053.3 1 0
github.com/gourdian25/gourdiansession/gourdiansession.go:1055.2,1055.70 1 1
github.com/gourdian25/gourdiansession/gourdiansession.go:1055.70,1057.3 1 0
github.com/gourdian25/gourdiansession/gourdiansession.go:1059.2,1059.12 1 1
github.com/gourdian25/gourdiansession/gourdiansession.go:1062.128,1063.15 1 1
github.com/gourdian25/gourdiansession/gourdiansession.go:1063.15,1065.3 1 0
github.com/gourdian25/gourdiansession/gourdiansession.go:1066.2,1066.14 1 1
github.com/gourdian25/gourdiansession/gourdiansession.go:1066.14,1068.3 1 1
github.com/gourdian25/gourdiansession/gourdiansession.go:1070.2,1070.70 1 1
github.com/gourdian25/gourdiansession/gourdiansession.go:1070.70,1072.3 1 0
github.com/gourdian25/gourdiansession/gourdiansession.go:1074.2,1074.12 1 1
github.com/gourdian25/gourdiansession/gourdiansession.go:1077.105,1078.15 1 1
github.com/gourdian25/gourdiansession/gourdiansession.go:1078.15,1080.3 1 0
github.com/gourdian25/gourdiansession/gourdiansession.go:1082.2,1083.16 2 1
github.com/gourdian25/gourdiansession/gourdiansession.go:1083.16,1085.3 1 1
github.com/gourdian25/gourdiansession/gourdiansession.go:1087.2,1087.19 1 1
github.com/gourdian25/gourdiansession/gourdiansession.go:1090.93,1091.15 1 1
github.com/gourdian25/gourdiansession/gourdiansession.go:1091.15,1093.3 1 0
github.com/gourdian25/gourdiansession/gourdiansession.go:1095.2,1095.61 1 1
github.com/gourdian25/gourdiansession/gourdiansession.go:1095.61,1097.3 1 0
github.com/gourdian25/gourdiansession/gourdiansession.go:1099.2,1099.12 1 1
github.com/gourdian25/gourdiansession/gourdiansession.go:1102.127,1103.24 1 1
github.com/gourdian25/gourdiansession/gourdiansession.go:1103.24,1105.3 1 0
github.com/gourdian25/gourdiansession/gourdiansession.go:1107.2,1107.34 1 1
github.com/gourdian25/gourdiansession/gourdiansession.go:1107.34,1109.17 2 1
github.com/gourdian25/gourdiansession/gourdiansession.go:1109.17,1111.4 1 0
github.com/gourdian25/gourdiansession/gourdiansession.go:1113.3,1113.54 1 1
github.com/gourdian25/gourdiansession/gourdiansession.go:1113.54,1115.4 1 1
github.com/gourdian25/gourdiansession/gourdiansession.go:1118.2,1118.90 1 1
github.com/gourdian25/gourdiansession/gourdiansession.go:1118.90,1120.17 2 1
github.com/gourdian25/gourdiansession/gourdiansession.go:1120.17,1122.4 1 0
github.com/gourdian25/gourdiansession/gourdiansession.go:1124.3,1125.39 2 1
github.com/gourdian25/gourdiansession/gourdiansession.go:1125.39,1126.68 1 1
github.com/gourdian25/gourdiansession/gourdiansession.go:1126.68,1128.5 1 1
github.com/gourdian25/gourdiansession/gourdiansession.go:1131.3,1131.54 1 1
github.com/gourdian25/gourdiansession/gourdiansession.go:1131.54,1133.4 1 1
github.com/gourdian25/gourdiansession/gourdiansession.go:1136.2,1136.84 1 1
github.com/gourdian25/gourdiansession/gourdiansession.go:1136.84,1138.17 2 1
github.com/gourdian25/gourdiansession/gourdiansession.go:1138.17,1140.4 1 0
github.com/gourdian25/gourdiansession/gourdiansession.go:1142.3,1143.39 2 1
github.com/gourdian25/gourdiansession/gourdiansession.go:1143.39,1144.68 1 1
github.com/gourdian25/gourdiansession/gourdiansession.go:1144.68,1146.5 1 1
github.com/gourdian25/gourdiansession/gourdiansession.go:1149.3,1149.46 1 1
github.com/gourdian25/gourdiansession/gourdiansession.go:1149.46,1151.4 1 0
github.com/gourdian25/gourdiansession/gourdiansession.go:1154.2,1154.12 1 1
github.com/gourdian25/gourdiansession/gourdiansession.go:1157.130,1158.24 1 1
github.com/gourdian25/gourdiansession/gourdiansession.go:1158.24,1160.3 1 0
github.com/gourdian25/gourdiansession/gourdiansession.go:1162.2,1162.79 1 1
github.com/gourdian25/gourdiansession/gourdiansession.go:1162.79,1164.3 1 1
github.com/gourdian25/gourdiansession/gourdiansession.go:1166.2,1166.39 1 1
github.com/gourdian25/gourdiansession/gourdiansession.go:1166.39,1168.64 1 1
github.com/gourdian25/gourdiansession/gourdiansession.go:1168.64,1170.4 1 0
github.com/gourdian25/gourdiansession/gourdiansession.go:1173.2,1173.12 1 1
github.com/gourdian25/gourdiansession/gourdiansession.go:1176.76,1177.42 1 1
github.com/gourdian25/gourdiansession/gourdiansession.go:1177.42,1179.3 1 1
github.com/gourdian25/gourdiansession/gourdiansession.go:1181.2,1182.55 2 1
github.com/gourdian25/gourdiansession/gourdiansession.go:1182.55,1183.60 1 1
github.com/gourdian25/gourdiansession/gourdiansession.go:1183.60,1185.4 1 1
github.com/gourdian25/gourdiansession/gourdiansession.go:1188.2,1188.14 1 1
github.com/gourdian25/gourdiansession/gourdiansession.go:1194.29,1197.2 2 1
